<?xml version="1.0" encoding="UTF-8"?>
<!-- Generated by org.testng.reporters.JUnitReportReporter -->
<testsuite hostname="DESKTOP-6P64TEG" failures="0" tests="1" name="com.hc.rediagerplus.patientTest.VerifyDoctorSpecAndAdditionChangesByPatientTest" time="11.730" errors="0" timestamp="2024-10-27T00:36:43 IST" skipped="0">
  <testcase classname="com.hc.rediagerplus.patientTest.VerifyDoctorSpecAndAdditionChangesByPatientTest" name="VerifyDoctorSpecAndAdditionChangesByPatient" time="11.730"/>
</testsuite> <!-- com.hc.rediagerplus.patientTest.VerifyDoctorSpecAndAdditionChangesByPatientTest -->
