<?xml version="1.0" encoding="UTF-8"?>
<!-- Generated by org.testng.reporters.JUnitReportReporter -->
<testsuite hostname="DESKTOP-6P64TEG" failures="0" tests="1" name="com.hc.rediagerplus.patientTest.VerifyBookedApptByUserAdminDoctorTest" time="20.647" errors="0" timestamp="2024-10-27T01:18:55 IST" skipped="0">
  <testcase classname="com.hc.rediagerplus.patientTest.VerifyBookedApptByUserAdminDoctorTest" name="tc04_ST_VerifyBookedApptByUserAdminDoctorTest" time="20.647"/>
</testsuite> <!-- com.hc.rediagerplus.patientTest.VerifyBookedApptByUserAdminDoctorTest -->
