<?xml version="1.0" encoding="UTF-8"?>
<!-- Generated by org.testng.reporters.JUnitReportReporter -->
<testsuite hostname="DESKTOP-6P64TEG" failures="0" tests="4" name="com.hc.rediagerplus.admintest.AdminTest" time="35.208" errors="0" timestamp="2024-10-27T00:36:43 IST" skipped="0">
  <testcase classname="com.hc.rediagerplus.admintest.AdminTest" name="AddDoctorSpecializationByAdminTest" time="5.763"/>
  <testcase classname="com.hc.rediagerplus.admintest.AdminTest" name="tc_07_VerifyDoctorSessionLogs" time="6.957"/>
  <testcase classname="com.hc.rediagerplus.admintest.AdminTest" name="VerifyAddedValidDoctorTest" time="8.325"/>
  <testcase classname="com.hc.rediagerplus.admintest.AdminTest" name="VerifyBookedAppointmentInAdminTest" time="14.163"/>
</testsuite> <!-- com.hc.rediagerplus.admintest.AdminTest -->
